-------------------------------------------------------------------------------
Test set: org.wso2.carbon.clustering.azure.AzureMembershipSchemeTest
-------------------------------------------------------------------------------
Tests run: 8, Failures: 0, Errors: 8, Skipped: 0, Time elapsed: 0.031 sec <<< FAILURE!
testSetPrimaryHazelcastInstance(org.wso2.carbon.clustering.azure.AzureMembershipSchemeTest)  Time elapsed: 0.016 sec  <<< ERROR!
java.lang.NullPointerException
	at org.wso2.carbon.clustering.azure.AzureMembershipSchemeTest.testSetPrimaryHazelcastInstance(AzureMembershipSchemeTest.java:42)
testGetConstant(org.wso2.carbon.clustering.azure.AzureMembershipSchemeTest)  Time elapsed: 0 sec  <<< ERROR!
java.lang.NullPointerException
	at org.wso2.carbon.clustering.azure.AzureMembershipSchemeTest.testGetConstant(AzureMembershipSchemeTest.java:136)
testGetAPIresponse(org.wso2.carbon.clustering.azure.AzureMembershipSchemeTest)  Time elapsed: 0 sec  <<< ERROR!
java.lang.NullPointerException
	at org.wso2.carbon.clustering.azure.AzureMembershipSchemeTest.testGetAPIresponse(AzureMembershipSchemeTest.java:109)
testFindVMIPaddresses(org.wso2.carbon.clustering.azure.AzureMembershipSchemeTest)  Time elapsed: 0.015 sec  <<< ERROR!
java.lang.NullPointerException
	at org.wso2.carbon.clustering.azure.AzureMembershipSchemeTest.testFindVMIPaddresses(AzureMembershipSchemeTest.java:94)
testSetLocalMember(org.wso2.carbon.clustering.azure.AzureMembershipSchemeTest)  Time elapsed: 0 sec  <<< ERROR!
java.lang.NullPointerException
	at org.wso2.carbon.clustering.azure.AzureMembershipSchemeTest.testSetLocalMember(AzureMembershipSchemeTest.java:54)
testSetCarbonCluster(org.wso2.carbon.clustering.azure.AzureMembershipSchemeTest)  Time elapsed: 0 sec  <<< ERROR!
java.lang.NullPointerException
	at org.wso2.carbon.clustering.azure.AzureMembershipSchemeTest.testSetCarbonCluster(AzureMembershipSchemeTest.java:66)
testJoinGroup(org.wso2.carbon.clustering.azure.AzureMembershipSchemeTest)  Time elapsed: 0 sec  <<< ERROR!
java.lang.NullPointerException
	at org.wso2.carbon.clustering.azure.AzureMembershipSchemeTest.testJoinGroup(AzureMembershipSchemeTest.java:121)
testInit(org.wso2.carbon.clustering.azure.AzureMembershipSchemeTest)  Time elapsed: 0 sec  <<< ERROR!
java.lang.NullPointerException
	at org.wso2.carbon.clustering.azure.AzureMembershipSchemeTest.testInit(AzureMembershipSchemeTest.java:77)
